0 info it worked if it ends with ok
1 verbose cli [
1 verbose cli   'D:\\node\\node.exe',
1 verbose cli   'D:\\node\\node_modules\\npm\\bin\\npm-cli.js',
1 verbose cli   'run',
1 verbose cli   'serve'
1 verbose cli ]
2 info using npm@6.14.6
3 info using node@v12.18.4
4 verbose run-script [ 'preserve', 'serve', 'postserve' ]
5 info lifecycle my-blog-ui@0.1.0~preserve: my-blog-ui@0.1.0
6 info lifecycle my-blog-ui@0.1.0~serve: my-blog-ui@0.1.0
7 verbose lifecycle my-blog-ui@0.1.0~serve: unsafe-perm in lifecycle true
8 verbose lifecycle my-blog-ui@0.1.0~serve: PATH: D:\node\node_modules\npm\node_modules\npm-lifecycle\node-gyp-bin;E:\code\java\idea\myblog\my-blog-ui\node_modules\.bin;D:\Java\maven\apache-maven\bin;C:\Program Files (x86)\Common Files\Oracle\Java\javapath;D:\北大青鸟\S1\java\bin;C:\;rogram Files (x86)\Java\bin;C:\windows\system32;C:\windows;C:\windows\system32\wbem;C:\Program Files\Microsoft\Web Platform Installer\;C:\Program Files (x86)\Microsoft ASP.NET\ASP.NET Web Pages\v1.0\;C:\Program Files\Microsoft SQL Server\110\Tools\Binn\;C:\Users\Administrator\.dnx\bin;C:\Program Files\Microsoft DNX\Dnvm\;C:\Program Files\Microsoft SQL Server\120\Tools\Binn\;C:\Program Files\Microsoft SQL Server\130\Tools\Binn\;D:\\bin;D:\\jre\bin;C:\PN_HOME%\bin;C:\Program Files\mysql-5.7.30-winx64\bin;D:\svn\bin;D:\TortoiseSVN\bin;D:\node\node_global\;D:\node;E:\tools\apache-tomcat-9.0.39\lib;E:\tools\apache-tomcat-9.0.39\bin;C:\Users\Administrator\AppData\Roaming\npm;D:\Microsoft VS Code\bin;C:\Users\Administrator\AppData\Local\atom\bin
9 verbose lifecycle my-blog-ui@0.1.0~serve: CWD: E:\code\java\idea\myblog\my-blog-ui
10 silly lifecycle my-blog-ui@0.1.0~serve: Args: [ '/d /s /c', 'vue-cli-service serve' ]
11 silly lifecycle my-blog-ui@0.1.0~serve: Returned: code: 1  signal: null
12 info lifecycle my-blog-ui@0.1.0~serve: Failed to exec serve script
13 verbose stack Error: my-blog-ui@0.1.0 serve: `vue-cli-service serve`
13 verbose stack Exit status 1
13 verbose stack     at EventEmitter.<anonymous> (D:\node\node_modules\npm\node_modules\npm-lifecycle\index.js:332:16)
13 verbose stack     at EventEmitter.emit (events.js:315:20)
13 verbose stack     at ChildProcess.<anonymous> (D:\node\node_modules\npm\node_modules\npm-lifecycle\lib\spawn.js:55:14)
13 verbose stack     at ChildProcess.emit (events.js:315:20)
13 verbose stack     at maybeClose (internal/child_process.js:1021:16)
13 verbose stack     at Process.ChildProcess._handle.onexit (internal/child_process.js:286:5)
14 verbose pkgid my-blog-ui@0.1.0
15 verbose cwd E:\code\java\idea\myblog\my-blog-ui
16 verbose Windows_NT 6.1.7601
17 verbose argv "D:\\node\\node.exe" "D:\\node\\node_modules\\npm\\bin\\npm-cli.js" "run" "serve"
18 verbose node v12.18.4
19 verbose npm  v6.14.6
20 error code ELIFECYCLE
21 error errno 1
22 error my-blog-ui@0.1.0 serve: `vue-cli-service serve`
22 error Exit status 1
23 error Failed at the my-blog-ui@0.1.0 serve script.
23 error This is probably not a problem with npm. There is likely additional logging output above.
24 verbose exit [ 1, true ]
